<?xml version="1.0" encoding="UTF-8"?>
<testng-results skipped="0" failed="0" ignored="0" total="1" passed="1">
  <reporter-output>
  </reporter-output>
  <suite name="str.mat.CalendarTest" duration-ms="100" started-at="2018-03-04T08:40:26Z" finished-at="2018-03-04T08:40:26Z">
    <groups>
    </groups>
    <test name="Command line test" duration-ms="100" started-at="2018-03-04T08:40:26Z" finished-at="2018-03-04T08:40:26Z">
      <class name="str.mat.CalendarTest">
        <test-method status="PASS" signature="setup()[pri:0, instance:str.mat.CalendarTest@7e0ea639]" name="setup" is-config="true" duration-ms="24" started-at="2018-03-04T08:40:26Z" finished-at="2018-03-04T08:40:26Z">
          <reporter-output>
          </reporter-output>
        </test-method> <!-- setup -->
        <test-method status="PASS" signature="calendarIteratorTest()[pri:0, instance:str.mat.CalendarTest@7e0ea639]" name="calendarIteratorTest" duration-ms="48" started-at="2018-03-04T08:40:26Z" finished-at="2018-03-04T08:40:26Z">
          <reporter-output>
          </reporter-output>
        </test-method> <!-- calendarIteratorTest -->
      </class> <!-- str.mat.CalendarTest -->
    </test> <!-- Command line test -->
  </suite> <!-- str.mat.CalendarTest -->
</testng-results>
